<?xml version="1.0" encoding="UTF-8"?>
<!-- Generated by org.testng.reporters.JUnitReportReporter -->
<testsuite hostname="BSC-PG02TQLQ" failures="0" tests="2" name="frontEndTesting.RegistrationTest" time="10.316" errors="0" timestamp="2022-06-13T19:46:06 IST" skipped="0">
  <testcase classname="frontEndTesting.RegistrationTest" name="registerUser" time="5.339"/>
  <system-out/>
  <testcase classname="frontEndTesting.RegistrationTest" name="registerUser2" time="4.977"/>
  <system-out/>
</testsuite> <!-- frontEndTesting.RegistrationTest -->
