<?xml version="1.0" encoding="UTF-8"?>
<!-- Generated by org.testng.reporters.JUnitReportReporter -->
<testsuite hostname="BSC-PG02TQLQ" failures="0" tests="4" name="frontEndTesting.WithdrawFundTest" time="7.103" errors="0" timestamp="2022-06-13T19:46:06 IST" skipped="0">
  <testcase classname="frontEndTesting.WithdrawFundTest" name="withdrawFundInSavingAccount" time="1.462"/>
  <system-out/>
  <testcase classname="frontEndTesting.WithdrawFundTest" name="withdrawingAmountGreaterThanCurrentAmounForSavingsAccount" time="2.555"/>
  <system-out/>
  <testcase classname="frontEndTesting.WithdrawFundTest" name="withdrawingAmountGreaterThanCurrentAmounForPrimaryAccount" time="1.257"/>
  <system-out/>
  <testcase classname="frontEndTesting.WithdrawFundTest" name="withdrawFundInPrimaryAccount" time="1.829"/>
  <system-out/>
</testsuite> <!-- frontEndTesting.WithdrawFundTest -->
