<?xml version="1.0" encoding="UTF-8"?>
<!-- Generated by org.testng.reporters.JUnitReportReporter -->
<testsuite hostname="BSC-PG02TQLQ" failures="0" tests="3" name="frontEndTesting.TransferFundTest" time="9.871" errors="0" timestamp="2022-06-13T19:46:06 IST" skipped="0">
  <testcase classname="frontEndTesting.TransferFundTest" name="transferFundWithIncorrectAccountNumber" time="3.068"/>
  <system-out/>
  <testcase classname="frontEndTesting.TransferFundTest" name="transferFundGreaterThanBalance" time="3.121"/>
  <system-out/>
  <testcase classname="frontEndTesting.TransferFundTest" name="transferFund" time="3.682"/>
  <system-out/>
</testsuite> <!-- frontEndTesting.TransferFundTest -->
