<?xml version="1.0" encoding="UTF-8"?>
<!-- Generated by org.testng.reporters.JUnitReportReporter -->
<testsuite hostname="BSC-PG02TQLQ" failures="0" tests="2" name="frontEndTesting.DepositFundTest" time="3.323" errors="0" timestamp="2022-06-13T19:46:06 IST" skipped="0">
  <testcase classname="frontEndTesting.DepositFundTest" name="depositFundInPrimaryAccount" time="1.876"/>
  <system-out/>
  <testcase classname="frontEndTesting.DepositFundTest" name="depositFundInSavingAccount" time="1.447"/>
  <system-out/>
</testsuite> <!-- frontEndTesting.DepositFundTest -->
