<?xml version="1.0" encoding="UTF-8"?>
<!-- Generated by org.testng.reporters.JUnitReportReporter -->
<testsuite hostname="BSC-PG02TQLQ" failures="0" tests="1" name="frontEndTesting.ViewSecondaryAccountTest" time="0.652" errors="0" timestamp="2022-06-13T19:46:06 IST" skipped="0">
  <testcase classname="frontEndTesting.ViewSecondaryAccountTest" name="requestChequeBook" time="0.652"/>
  <system-out/>
</testsuite> <!-- frontEndTesting.ViewSecondaryAccountTest -->
